=== Timsu 2.0 Session Log ===
[20:34:30] [INF] Starting Self-Diagnostic checks...
[20:34:30] [DBG] Self-Diag: dbghelp.dll resolved.
[20:34:30] [DBG] Self-Diag: wininet.dll resolved.
[20:34:30] [DBG] Self-Diag: Internet connection verified.
[20:34:31] [INF] Checking for updates...
[20:34:31] [DBG] HTTP GET: https://raw.githubusercontent.com/krisministern/Timsu/main/version.txt
[20:34:31] [DBG] HTTP success: 6 bytes
[20:34:32] [DBG] HTTP GET: https://raw.githubusercontent.com/krisministern/Timsu/main/allowed_tokens.txt
[20:34:32] [DBG] HTTP success: 4 bytes
[20:34:33] [DBG] Fetching offsets.json...
[20:34:33] [DBG] HTTP GET: https://raw.githubusercontent.com/sezzyaep/CS2-OFFSETS/refs/heads/main/offsets.json
[20:34:33] [DBG] HTTP success: 1261 bytes
[20:34:33] [DBG] offsets.json size: 1261 bytes
[20:34:33] [DBG] Fetching client_dll.json...
[20:34:33] [DBG] HTTP GET: https://raw.githubusercontent.com/sezzyaep/CS2-OFFSETS/refs/heads/main/client_dll.json
[20:34:33] [DBG] HTTP success: 440714 bytes
[20:34:33] [DBG] client_dll.json size: 440714 bytes
[20:34:33] [DBG] Parsing global offsets...
[20:34:33] [DBG]   dwLocalPlayerPawn = 0x23a4238
[20:34:33] [DBG]   dwLocalPlayerController = 0x237eba0
[20:34:33] [DBG]   dwViewAngles = 0x23b9c78
[20:34:33] [DBG]   dwEntityList = 0x254ee60
[20:34:33] [DBG] Parsing schema offsets...
[20:34:33] [DBG]   m_iHealth = 0x34c
[20:34:33] [DBG]   m_iTeamNum = 0x3e7
[20:34:33] [DBG]   m_hPlayerPawn = 0x914
[20:34:33] [DBG]   m_iIDEntIndex = 0x341c
[20:34:33] [DBG]   m_fFlags = 0x63
[20:34:33] [DBG]   m_lifeState = 0x354
[20:34:33] [DBG]   m_entitySpottedState = 0x1c58
[20:34:33] [DBG]   m_bSpotted = 0x8
[20:34:33] [DBG]   m_vecVelocity = 0x430
[20:34:33] [DBG] All offsets loaded and validated. JSON memory stripped.
[20:34:35] [INF] Aimbot initialized.
[20:34:35] [INF] Radar initialized.
[20:34:35] [INF] Radar loop started.
[20:34:35] [INF] Aimbot loop started.
[20:34:35] [DBG] Starting loop iteration.
[20:34:35] [DBG] Aimbot enabled state: true
[20:34:35] [DBG] Starting loop iteration.
[20:34:35] [DBG] Aimbot enabled state: true
[20:34:35] [DBG] Starting loop iteration.
[20:34:35] [DBG] Aimbot enabled state: true
[20:34:35] [DBG] Starting loop iteration.
[20:34:35] [DBG] Aimbot enabled state: true
[20:34:35] [DBG] Starting loop iteration.
[20:34:35] [DBG] Aimbot enabled state: true
[20:34:35] [DBG] Starting loop iteration.
[20:34:35] [DBG] Aimbot enabled state: true
[20:34:35] [DBG] Starting loop iteration.
[20:34:35] [DBG] Aimbot enabled state: true
[20:34:35] [DBG] Starting loop iteration.
[20:34:35] [DBG] Aimbot enabled state: true
[20:34:35] [DBG] Starting loop iteration.
[20:34:35] [DBG] Aimbot enabled state: true
[20:34:35] [DBG] Starting loop iteration.
[20:34:35] [DBG] Aimbot enabled state: true
[20:34:35] [DBG] Starting loop iteration.
[20:34:35] [DBG] Aimbot enabled state: true
[20:34:35] [DBG] Starting loop iteration.
[20:34:35] [DBG] Aimbot enabled state: true
[20:34:35] [DBG] Starting loop iteration.
[20:34:35] [DBG] Aimbot enabled state: true
[20:34:35] [DBG] Starting loop iteration.
[20:34:35] [DBG] Aimbot enabled state: true
[20:34:35] [DBG] Starting loop iteration.
[20:34:35] [DBG] Aimbot enabled state: true
[20:34:35] [DBG] Starting loop iteration.
[20:34:35] [DBG] Aimbot enabled state: true
[20:34:35] [DBG] Starting loop iteration.
[20:34:35] [DBG] Aimbot enabled state: true
[20:34:35] [DBG] Starting loop iteration.
[20:34:35] [DBG] Aimbot enabled state: true
[20:34:35] [DBG] Starting loop iteration.
[20:34:35] [DBG] Aimbot enabled state: true
[20:34:35] [DBG] Starting loop iteration.
[20:34:35] [DBG] Aimbot enabled state: true
[20:34:35] [DBG] Starting loop iteration.
[20:34:35] [DBG] Aimbot enabled state: true
[20:34:35] [DBG] Starting loop iteration.
[20:34:35] [DBG] Aimbot enabled state: true
[20:34:35] [DBG] Starting loop iteration.
[20:34:35] [DBG] Aimbot enabled state: true
[20:34:35] [DBG] Starting loop iteration.
[20:34:35] [DBG] Aimbot enabled state: true
[20:34:35] [DBG] Starting loop iteration.
[20:34:35] [DBG] Aimbot enabled state: true
[20:34:35] [DBG] Starting loop iteration.
[20:34:35] [DBG] Aimbot enabled state: true
[20:34:35] [DBG] Starting loop iteration.
[20:34:35] [DBG] Aimbot enabled state: true
[20:34:35] [DBG] Starting loop iteration.
[20:34:35] [DBG] Aimbot enabled state: true
[20:34:35] [DBG] Starting loop iteration.
[20:34:35] [DBG] Aimbot enabled state: true
[20:34:35] [DBG] Starting loop iteration.
[20:34:35] [DBG] Aimbot enabled state: true
[20:34:35] [DBG] Starting loop iteration.
[20:34:35] [DBG] Aimbot enabled state: true
[20:34:35] [DBG] Starting loop iteration.
[20:34:35] [DBG] Aimbot enabled state: true
[20:34:35] [DBG] Starting loop iteration.
[20:34:35] [DBG] Aimbot enabled state: true
[20:34:35] [DBG] Starting loop iteration.
[20:34:35] [DBG] Aimbot enabled state: true
[20:34:35] [DBG] Starting loop iteration.
[20:34:35] [DBG] Aimbot enabled state: true
[20:34:35] [DBG] Starting loop iteration.
[20:34:35] [DBG] Aimbot enabled state: true
[20:34:35] [DBG] Starting loop iteration.
[20:34:35] [DBG] Aimbot enabled state: true
[20:34:35] [DBG] Starting loop iteration.
[20:34:35] [DBG] Aimbot enabled state: true
[20:34:35] [DBG] Starting loop iteration.
[20:34:35] [DBG] Aimbot enabled state: true
[20:34:35] [DBG] Starting loop iteration.
[20:34:35] [DBG] Aimbot enabled state: true
[20:34:35] [DBG] Starting loop iteration.
[20:34:35] [DBG] Aimbot enabled state: true
[20:34:35] [INF] Radar toggled: OFF
[20:34:35] [DBG] Starting loop iteration.
[20:34:35] [DBG] Aimbot enabled state: true
[20:34:35] [DBG] Starting loop iteration.
[20:34:35] [DBG] Aimbot enabled state: true
[20:34:35] [DBG] Starting loop iteration.
[20:34:35] [DBG] Aimbot enabled state: true
[20:34:36] [DBG] Starting loop iteration.
[20:34:36] [DBG] Aimbot enabled state: true
[20:34:36] [DBG] Starting loop iteration.
[20:34:36] [DBG] Aimbot enabled state: true
[20:34:36] [DBG] Starting loop iteration.
[20:34:36] [DBG] Aimbot enabled state: true
[20:34:36] [DBG] Starting loop iteration.
[20:34:36] [DBG] Aimbot enabled state: true
[20:34:36] [DBG] Starting loop iteration.
[20:34:36] [DBG] Aimbot enabled state: true
[20:34:36] [DBG] Starting loop iteration.
[20:34:36] [DBG] Aimbot enabled state: true
[20:34:36] [DBG] Starting loop iteration.
[20:34:36] [DBG] Aimbot enabled state: true
[20:34:36] [DBG] Starting loop iteration.
[20:34:36] [DBG] Aimbot enabled state: true
[20:34:36] [DBG] Starting loop iteration.
[20:34:36] [DBG] Aimbot enabled state: true
[20:34:36] [DBG] Starting loop iteration.
[20:34:36] [DBG] Aimbot enabled state: true
[20:34:36] [DBG] Starting loop iteration.
[20:34:36] [DBG] Aimbot enabled state: true
[20:34:36] [DBG] Starting loop iteration.
[20:34:36] [DBG] Aimbot enabled state: true
[20:34:36] [DBG] Starting loop iteration.
[20:34:36] [DBG] Aimbot enabled state: true
[20:34:36] [DBG] Starting loop iteration.
[20:34:36] [DBG] Aimbot enabled state: true
[20:34:36] [DBG] Starting loop iteration.
[20:34:36] [DBG] Aimbot enabled state: true
[20:34:36] [DBG] Starting loop iteration.
[20:34:36] [DBG] Aimbot enabled state: true
[20:34:36] [DBG] Starting loop iteration.
[20:34:36] [DBG] Aimbot enabled state: true
[20:34:36] [DBG] Starting loop iteration.
[20:34:36] [DBG] Aimbot enabled state: true
[20:34:36] [DBG] Starting loop iteration.
[20:34:36] [DBG] Aimbot enabled state: true
[20:34:36] [DBG] Starting loop iteration.
[20:34:36] [DBG] Aimbot enabled state: true
[20:34:36] [DBG] Starting loop iteration.
[20:34:36] [DBG] Aimbot enabled state: true
[20:34:36] [DBG] Starting loop iteration.
[20:34:36] [DBG] Aimbot enabled state: true
[20:34:36] [DBG] Starting loop iteration.
[20:34:36] [DBG] Aimbot enabled state: true
[20:34:36] [DBG] Starting loop iteration.
[20:34:36] [DBG] Aimbot enabled state: true
[20:34:36] [DBG] Starting loop iteration.
[20:34:36] [DBG] Aimbot enabled state: true
[20:34:36] [DBG] Starting loop iteration.
[20:34:36] [DBG] Aimbot enabled state: true
[20:34:36] [DBG] Starting loop iteration.
[20:34:36] [DBG] Aimbot enabled state: true
[20:34:36] [DBG] Starting loop iteration.
[20:34:36] [DBG] Aimbot enabled state: true
[20:34:36] [DBG] Starting loop iteration.
[20:34:36] [DBG] Aimbot enabled state: true
[20:34:36] [DBG] Starting loop iteration.
[20:34:36] [DBG] Aimbot enabled state: true
[20:34:36] [DBG] Starting loop iteration.
[20:34:36] [DBG] Aimbot enabled state: true
[20:34:36] [DBG] Starting loop iteration.
[20:34:36] [DBG] Aimbot enabled state: true
[20:34:36] [DBG] Starting loop iteration.
[20:34:36] [DBG] Aimbot enabled state: true
[20:34:36] [DBG] Starting loop iteration.
[20:34:36] [DBG] Aimbot enabled state: true
[20:34:36] [DBG] Starting loop iteration.
[20:34:36] [DBG] Aimbot enabled state: true
[20:34:36] [DBG] Starting loop iteration.
[20:34:36] [DBG] Aimbot enabled state: true
[20:34:36] [DBG] Starting loop iteration.
[20:34:36] [DBG] Aimbot enabled state: true
[20:34:36] [DBG] Starting loop iteration.
[20:34:36] [DBG] Aimbot enabled state: true
[20:34:36] [DBG] Starting loop iteration.
[20:34:36] [DBG] Aimbot enabled state: true
[20:34:36] [DBG] Starting loop iteration.
[20:34:36] [DBG] Aimbot enabled state: true
[20:34:36] [DBG] Starting loop iteration.
[20:34:36] [DBG] Aimbot enabled state: true
[20:34:36] [DBG] Starting loop iteration.
[20:34:36] [DBG] Aimbot enabled state: true
[20:34:36] [DBG] Starting loop iteration.
[20:34:36] [DBG] Aimbot enabled state: true
[20:34:36] [DBG] Starting loop iteration.
[20:34:36] [DBG] Aimbot enabled state: true
[20:34:36] [DBG] Starting loop iteration.
[20:34:36] [DBG] Aimbot enabled state: true
[20:34:36] [DBG] Starting loop iteration.
[20:34:36] [DBG] Aimbot enabled state: true
[20:34:36] [DBG] Starting loop iteration.
[20:34:36] [DBG] Aimbot enabled state: true
[20:34:36] [DBG] Starting loop iteration.
[20:34:36] [DBG] Aimbot enabled state: true
[20:34:36] [DBG] Starting loop iteration.
[20:34:36] [DBG] Aimbot enabled state: true
[20:34:36] [DBG] Starting loop iteration.
[20:34:36] [DBG] Aimbot enabled state: true
[20:34:36] [DBG] Starting loop iteration.
[20:34:36] [DBG] Aimbot enabled state: true
[20:34:36] [DBG] Starting loop iteration.
[20:34:36] [DBG] Aimbot enabled state: true
[20:34:36] [DBG] Starting loop iteration.
[20:34:36] [DBG] Aimbot enabled state: true
[20:34:36] [DBG] Starting loop iteration.
[20:34:36] [DBG] Aimbot enabled state: true
[20:34:36] [DBG] Starting loop iteration.
[20:34:36] [DBG] Aimbot enabled state: true
[20:34:36] [DBG] Starting loop iteration.
[20:34:36] [DBG] Aimbot enabled state: true
[20:34:36] [DBG] Starting loop iteration.
[20:34:36] [DBG] Aimbot enabled state: true
[20:34:36] [DBG] Starting loop iteration.
[20:34:36] [DBG] Aimbot enabled state: true
[20:34:36] [DBG] Starting loop iteration.
[20:34:36] [DBG] Aimbot enabled state: true
[20:34:36] [DBG] Starting loop iteration.
[20:34:36] [DBG] Aimbot enabled state: true
[20:34:36] [DBG] Starting loop iteration.
[20:34:36] [DBG] Aimbot enabled state: true
[20:34:36] [DBG] Starting loop iteration.
[20:34:36] [DBG] Aimbot enabled state: true
[20:34:36] [DBG] Starting loop iteration.
[20:34:36] [DBG] Aimbot enabled state: true
[20:34:36] [DBG] Starting loop iteration.
[20:34:36] [DBG] Aimbot enabled state: true
[20:34:37] [DBG] Starting loop iteration.
[20:34:37] [DBG] Aimbot enabled state: true
[20:34:37] [DBG] Starting loop iteration.
[20:34:37] [DBG] Aimbot enabled state: true
[20:34:37] [DBG] Starting loop iteration.
[20:34:37] [DBG] Aimbot enabled state: true
[20:34:37] [DBG] Starting loop iteration.
[20:34:37] [DBG] Aimbot enabled state: true
[20:34:37] [DBG] Starting loop iteration.
[20:34:37] [DBG] Aimbot enabled state: true
[20:34:37] [DBG] Starting loop iteration.
[20:34:37] [DBG] Aimbot enabled state: true
[20:34:37] [DBG] Starting loop iteration.
[20:34:37] [DBG] Aimbot enabled state: true
[20:34:37] [DBG] Starting loop iteration.
[20:34:37] [DBG] Aimbot enabled state: true
[20:34:37] [DBG] Starting loop iteration.
[20:34:37] [DBG] Aimbot enabled state: true
[20:34:37] [DBG] Starting loop iteration.
[20:34:37] [DBG] Aimbot enabled state: true
[20:34:37] [DBG] Starting loop iteration.
[20:34:37] [DBG] Aimbot enabled state: true
[20:34:37] [DBG] Starting loop iteration.
[20:34:37] [DBG] Aimbot enabled state: true
[20:34:37] [DBG] Starting loop iteration.
[20:34:37] [DBG] Aimbot enabled state: true
[20:34:37] [DBG] Starting loop iteration.
[20:34:37] [DBG] Aimbot enabled state: true
[20:34:37] [DBG] Starting loop iteration.
[20:34:37] [DBG] Aimbot enabled state: true
[20:34:37] [DBG] Starting loop iteration.
[20:34:37] [DBG] Aimbot enabled state: true
[20:34:37] [DBG] Starting loop iteration.
[20:34:37] [DBG] Aimbot enabled state: true
[20:34:37] [INF] Radar toggled: ON
[20:34:37] [DBG] Starting loop iteration.
[20:34:37] [DBG] Aimbot enabled state: true
[20:34:37] [DBG] Starting loop iteration.
[20:34:37] [DBG] Aimbot enabled state: true
[20:34:37] [DBG] Starting loop iteration.
[20:34:37] [DBG] Aimbot enabled state: true
[20:34:37] [DBG] Starting loop iteration.
[20:34:37] [DBG] Aimbot enabled state: true
[20:34:37] [DBG] Starting loop iteration.
[20:34:37] [DBG] Aimbot enabled state: true
[20:34:37] [DBG] Starting loop iteration.
[20:34:37] [DBG] Aimbot enabled state: true
[20:34:37] [DBG] Starting loop iteration.
[20:34:37] [DBG] Aimbot enabled state: true
[20:34:37] [DBG] Starting loop iteration.
[20:34:37] [DBG] Aimbot enabled state: true
[20:34:37] [DBG] Starting loop iteration.
[20:34:37] [DBG] Aimbot enabled state: true
[20:34:37] [DBG] Starting loop iteration.
[20:34:37] [DBG] Aimbot enabled state: true
[20:34:37] [DBG] Starting loop iteration.
[20:34:37] [DBG] Aimbot enabled state: true
[20:34:37] [DBG] Starting loop iteration.
[20:34:37] [DBG] Aimbot enabled state: true
[20:34:37] [DBG] Starting loop iteration.
[20:34:37] [DBG] Aimbot enabled state: true
[20:34:37] [DBG] Starting loop iteration.
[20:34:37] [DBG] Aimbot enabled state: true
[20:34:37] [DBG] Starting loop iteration.
[20:34:37] [DBG] Aimbot enabled state: true
[20:34:37] [DBG] Starting loop iteration.
[20:34:37] [DBG] Aimbot enabled state: true
[20:34:37] [DBG] Starting loop iteration.
[20:34:37] [DBG] Aimbot enabled state: true
[20:34:37] [DBG] Starting loop iteration.
[20:34:37] [DBG] Aimbot enabled state: true
[20:34:37] [DBG] Starting loop iteration.
[20:34:37] [DBG] Aimbot enabled state: true
[20:34:37] [DBG] Starting loop iteration.
[20:34:37] [DBG] Aimbot enabled state: true
[20:34:37] [DBG] Starting loop iteration.
[20:34:37] [DBG] Aimbot enabled state: true
[20:34:37] [DBG] Starting loop iteration.
[20:34:37] [DBG] Aimbot enabled state: true
[20:34:37] [DBG] Starting loop iteration.
[20:34:37] [DBG] Aimbot enabled state: true
[20:34:37] [DBG] Starting loop iteration.
[20:34:37] [DBG] Aimbot enabled state: true
[20:34:37] [DBG] Starting loop iteration.
[20:34:37] [DBG] Aimbot enabled state: true
[20:34:37] [DBG] Starting loop iteration.
[20:34:37] [DBG] Aimbot enabled state: true
[20:34:37] [DBG] Starting loop iteration.
[20:34:37] [DBG] Aimbot enabled state: true
[20:34:37] [DBG] Starting loop iteration.
[20:34:37] [DBG] Aimbot enabled state: true
[20:34:37] [DBG] Starting loop iteration.
[20:34:37] [DBG] Aimbot enabled state: true
[20:34:37] [DBG] Starting loop iteration.
[20:34:37] [DBG] Aimbot enabled state: true
[20:34:37] [DBG] Starting loop iteration.
[20:34:37] [DBG] Aimbot enabled state: true
[20:34:37] [DBG] Starting loop iteration.
[20:34:37] [DBG] Aimbot enabled state: true
[20:34:37] [DBG] Starting loop iteration.
[20:34:37] [DBG] Aimbot enabled state: true
[20:34:37] [DBG] Starting loop iteration.
[20:34:37] [DBG] Aimbot enabled state: true
[20:34:37] [DBG] Starting loop iteration.
[20:34:37] [DBG] Aimbot enabled state: true
[20:34:37] [DBG] Starting loop iteration.
[20:34:37] [DBG] Aimbot enabled state: true
[20:34:37] [DBG] Starting loop iteration.
[20:34:37] [DBG] Aimbot enabled state: true
[20:34:37] [DBG] Starting loop iteration.
[20:34:37] [DBG] Aimbot enabled state: true
[20:34:37] [DBG] Starting loop iteration.
[20:34:37] [DBG] Aimbot enabled state: true
[20:34:37] [DBG] Starting loop iteration.
[20:34:37] [DBG] Aimbot enabled state: true
[20:34:37] [DBG] Starting loop iteration.
[20:34:37] [DBG] Aimbot enabled state: true
[20:34:37] [DBG] Starting loop iteration.
[20:34:37] [DBG] Aimbot enabled state: true
[20:34:37] [DBG] Starting loop iteration.
[20:34:37] [DBG] Aimbot enabled state: true
[20:34:37] [DBG] Starting loop iteration.
[20:34:37] [DBG] Aimbot enabled state: true
[20:34:37] [DBG] Starting loop iteration.
[20:34:37] [DBG] Aimbot enabled state: true
[20:34:37] [DBG] Starting loop iteration.
[20:34:37] [DBG] Aimbot enabled state: true
[20:34:37] [DBG] Starting loop iteration.
[20:34:37] [DBG] Aimbot enabled state: true
[20:34:37] [DBG] Starting loop iteration.
[20:34:37] [DBG] Aimbot enabled state: true
[20:34:38] [DBG] Starting loop iteration.
[20:34:38] [DBG] Aimbot enabled state: true
[20:34:38] [DBG] Starting loop iteration.
[20:34:38] [DBG] Aimbot enabled state: true
[20:34:38] [DBG] Starting loop iteration.
[20:34:38] [DBG] Aimbot enabled state: true
[20:34:38] [DBG] Starting loop iteration.
[20:34:38] [DBG] Aimbot enabled state: true
[20:34:38] [DBG] Starting loop iteration.
[20:34:38] [DBG] Aimbot enabled state: true
[20:34:38] [DBG] Starting loop iteration.
[20:34:38] [DBG] Aimbot enabled state: true
[20:34:38] [DBG] Starting loop iteration.
[20:34:38] [DBG] Aimbot enabled state: true
[20:34:38] [DBG] Starting loop iteration.
[20:34:38] [DBG] Aimbot enabled state: true
[20:34:38] [DBG] Starting loop iteration.
[20:34:38] [DBG] Aimbot enabled state: true
[20:34:38] [DBG] Starting loop iteration.
[20:34:38] [DBG] Aimbot enabled state: true
[20:34:38] [DBG] Starting loop iteration.
[20:34:38] [DBG] Aimbot enabled state: true
[20:34:38] [DBG] Starting loop iteration.
[20:34:38] [DBG] Aimbot enabled state: true
[20:34:38] [DBG] Starting loop iteration.
[20:34:38] [DBG] Aimbot enabled state: true
[20:34:38] [DBG] Starting loop iteration.
[20:34:38] [DBG] Aimbot enabled state: true
[20:34:38] [DBG] Starting loop iteration.
[20:34:38] [DBG] Aimbot enabled state: true
[20:34:38] [DBG] Starting loop iteration.
[20:34:38] [DBG] Aimbot enabled state: true
[20:34:38] [DBG] Starting loop iteration.
[20:34:38] [DBG] Aimbot enabled state: true
[20:34:38] [DBG] Starting loop iteration.
[20:34:38] [DBG] Aimbot enabled state: true
[20:34:38] [DBG] Starting loop iteration.
[20:34:38] [DBG] Aimbot enabled state: true
[20:34:38] [DBG] Starting loop iteration.
[20:34:38] [DBG] Aimbot enabled state: true
[20:34:38] [DBG] Starting loop iteration.
[20:34:38] [DBG] Aimbot enabled state: true
[20:34:38] [DBG] Starting loop iteration.
[20:34:38] [DBG] Aimbot enabled state: true
[20:34:38] [DBG] Starting loop iteration.
[20:34:38] [DBG] Aimbot enabled state: true
[20:34:38] [DBG] Starting loop iteration.
[20:34:38] [DBG] Aimbot enabled state: true
[20:34:38] [DBG] Starting loop iteration.
[20:34:38] [DBG] Aimbot enabled state: true
[20:34:38] [DBG] Starting loop iteration.
[20:34:38] [DBG] Aimbot enabled state: true
[20:34:38] [DBG] Starting loop iteration.
[20:34:38] [DBG] Aimbot enabled state: true
[20:34:38] [DBG] Starting loop iteration.
[20:34:38] [DBG] Aimbot enabled state: true
[20:34:38] [DBG] Starting loop iteration.
[20:34:38] [DBG] Aimbot enabled state: true
[20:34:38] [DBG] Starting loop iteration.
[20:34:38] [DBG] Aimbot enabled state: true
[20:34:38] [DBG] Starting loop iteration.
[20:34:38] [DBG] Aimbot enabled state: true
[20:34:38] [DBG] Starting loop iteration.
[20:34:38] [DBG] Aimbot enabled state: true
[20:34:38] [DBG] Starting loop iteration.
[20:34:38] [DBG] Aimbot enabled state: true
[20:34:38] [DBG] Starting loop iteration.
[20:34:38] [DBG] Aimbot enabled state: true
[20:34:38] [DBG] Starting loop iteration.
[20:34:38] [DBG] Aimbot enabled state: true
[20:34:38] [DBG] Starting loop iteration.
[20:34:38] [DBG] Aimbot enabled state: true
[20:34:38] [DBG] Starting loop iteration.
[20:34:38] [DBG] Aimbot enabled state: true
[20:34:38] [DBG] Starting loop iteration.
[20:34:38] [DBG] Aimbot enabled state: true
[20:34:38] [DBG] Starting loop iteration.
[20:34:38] [DBG] Aimbot enabled state: true
[20:34:38] [DBG] Starting loop iteration.
[20:34:38] [DBG] Aimbot enabled state: true
[20:34:38] [DBG] Starting loop iteration.
[20:34:38] [DBG] Aimbot enabled state: true
[20:34:38] [DBG] Starting loop iteration.
[20:34:38] [DBG] Aimbot enabled state: true
[20:34:38] [DBG] Starting loop iteration.
[20:34:38] [DBG] Aimbot enabled state: true
[20:34:38] [DBG] Starting loop iteration.
[20:34:38] [DBG] Aimbot enabled state: true
[20:34:38] [DBG] Starting loop iteration.
[20:34:38] [DBG] Aimbot enabled state: true
[20:34:38] [DBG] Starting loop iteration.
[20:34:38] [DBG] Aimbot enabled state: true
[20:34:38] [DBG] Starting loop iteration.
[20:34:38] [DBG] Aimbot enabled state: true
[20:34:38] [DBG] Starting loop iteration.
[20:34:38] [DBG] Aimbot enabled state: true
[20:34:38] [DBG] Starting loop iteration.
[20:34:38] [DBG] Aimbot enabled state: true
[20:34:38] [DBG] Starting loop iteration.
[20:34:38] [DBG] Aimbot enabled state: true
[20:34:38] [DBG] Starting loop iteration.
[20:34:38] [DBG] Aimbot enabled state: true
[20:34:38] [DBG] Starting loop iteration.
[20:34:38] [DBG] Aimbot enabled state: true
[20:34:38] [DBG] Starting loop iteration.
[20:34:38] [DBG] Aimbot enabled state: true
[20:34:38] [DBG] Starting loop iteration.
[20:34:38] [DBG] Aimbot enabled state: true
[20:34:38] [DBG] Starting loop iteration.
[20:34:38] [DBG] Aimbot enabled state: true
[20:34:38] [DBG] Starting loop iteration.
[20:34:38] [DBG] Aimbot enabled state: true
[20:34:38] [DBG] Starting loop iteration.
[20:34:38] [DBG] Aimbot enabled state: true
[20:34:38] [DBG] Starting loop iteration.
[20:34:38] [DBG] Aimbot enabled state: true
[20:34:38] [DBG] Starting loop iteration.
[20:34:38] [DBG] Aimbot enabled state: true
[20:34:38] [DBG] Starting loop iteration.
[20:34:38] [DBG] Aimbot enabled state: true
[20:34:38] [DBG] Starting loop iteration.
[20:34:38] [DBG] Aimbot enabled state: true
[20:34:38] [DBG] Starting loop iteration.
[20:34:38] [DBG] Aimbot enabled state: true
[20:34:38] [DBG] Starting loop iteration.
[20:34:38] [DBG] Aimbot enabled state: true
[20:34:38] [DBG] Starting loop iteration.
[20:34:38] [DBG] Aimbot enabled state: true
[20:34:38] [DBG] Starting loop iteration.
[20:34:38] [DBG] Aimbot enabled state: true
[20:34:39] [DBG] Starting loop iteration.
[20:34:39] [DBG] Aimbot enabled state: true
[20:34:39] [DBG] Starting loop iteration.
[20:34:39] [DBG] Aimbot enabled state: true
[20:34:39] [DBG] Starting loop iteration.
[20:34:39] [DBG] Aimbot enabled state: true
[20:34:39] [DBG] Starting loop iteration.
[20:34:39] [DBG] Aimbot enabled state: true
[20:34:39] [DBG] Starting loop iteration.
[20:34:39] [DBG] Aimbot enabled state: true
[20:34:39] [DBG] Starting loop iteration.
[20:34:39] [DBG] Aimbot enabled state: true
[20:34:39] [DBG] Starting loop iteration.
[20:34:39] [DBG] Aimbot enabled state: true
[20:34:39] [DBG] Starting loop iteration.
[20:34:39] [DBG] Aimbot enabled state: true
[20:34:39] [DBG] Starting loop iteration.
[20:34:39] [DBG] Aimbot enabled state: true
[20:34:39] [DBG] Starting loop iteration.
[20:34:39] [DBG] Aimbot enabled state: true
[20:34:39] [DBG] Starting loop iteration.
[20:34:39] [DBG] Aimbot enabled state: true
[20:34:39] [DBG] Starting loop iteration.
[20:34:39] [DBG] Aimbot enabled state: true
[20:34:39] [DBG] Starting loop iteration.
[20:34:39] [DBG] Aimbot enabled state: true
[20:34:39] [DBG] Starting loop iteration.
[20:34:39] [DBG] Aimbot enabled state: true
[20:34:39] [DBG] Starting loop iteration.
[20:34:39] [DBG] Aimbot enabled state: true
[20:34:39] [DBG] Starting loop iteration.
[20:34:39] [DBG] Aimbot enabled state: true
[20:34:39] [DBG] Starting loop iteration.
[20:34:39] [DBG] Aimbot enabled state: true
[20:34:39] [DBG] Starting loop iteration.
[20:34:39] [DBG] Aimbot enabled state: true
[20:34:39] [DBG] Starting loop iteration.
[20:34:39] [DBG] Aimbot enabled state: true
[20:34:39] [DBG] Starting loop iteration.
[20:34:39] [DBG] Aimbot enabled state: true
[20:34:39] [DBG] Starting loop iteration.
[20:34:39] [DBG] Aimbot enabled state: true
[20:34:39] [DBG] Starting loop iteration.
[20:34:39] [DBG] Aimbot enabled state: true
[20:34:39] [DBG] Starting loop iteration.
[20:34:39] [DBG] Aimbot enabled state: true
[20:34:39] [DBG] Starting loop iteration.
[20:34:39] [DBG] Aimbot enabled state: true
[20:34:39] [DBG] Starting loop iteration.
[20:34:39] [DBG] Aimbot enabled state: true
[20:34:39] [DBG] Starting loop iteration.
[20:34:39] [DBG] Aimbot enabled state: true
[20:34:39] [DBG] Starting loop iteration.
[20:34:39] [DBG] Aimbot enabled state: true
[20:34:39] [DBG] Starting loop iteration.
[20:34:39] [DBG] Aimbot enabled state: true
[20:34:39] [DBG] Starting loop iteration.
[20:34:39] [DBG] Aimbot enabled state: true
[20:34:39] [DBG] Starting loop iteration.
[20:34:39] [DBG] Aimbot enabled state: true
[20:34:39] [DBG] Starting loop iteration.
[20:34:39] [DBG] Aimbot enabled state: true
[20:34:39] [DBG] Starting loop iteration.
[20:34:39] [DBG] Aimbot enabled state: true
[20:34:39] [DBG] Starting loop iteration.
[20:34:39] [DBG] Aimbot enabled state: true
[20:34:39] [DBG] Starting loop iteration.
[20:34:39] [DBG] Aimbot enabled state: true
[20:34:39] [DBG] Starting loop iteration.
[20:34:39] [DBG] Aimbot enabled state: true
[20:34:39] [DBG] Starting loop iteration.
[20:34:39] [DBG] Aimbot enabled state: true
[20:34:39] [DBG] Starting loop iteration.
[20:34:39] [DBG] Aimbot enabled state: true
[20:34:39] [DBG] Starting loop iteration.
[20:34:39] [DBG] Aimbot enabled state: true
[20:34:39] [DBG] Starting loop iteration.
[20:34:39] [DBG] Aimbot enabled state: true
[20:34:39] [DBG] Starting loop iteration.
[20:34:39] [DBG] Aimbot enabled state: true
[20:34:39] [DBG] Starting loop iteration.
[20:34:39] [DBG] Aimbot enabled state: true
[20:34:39] [DBG] Starting loop iteration.
[20:34:39] [DBG] Aimbot enabled state: true
[20:34:39] [DBG] Starting loop iteration.
[20:34:39] [DBG] Aimbot enabled state: true
[20:34:39] [DBG] Starting loop iteration.
[20:34:39] [DBG] Aimbot enabled state: true
[20:34:39] [DBG] Starting loop iteration.
[20:34:39] [DBG] Aimbot enabled state: true
[20:34:39] [DBG] Starting loop iteration.
[20:34:39] [DBG] Aimbot enabled state: true
[20:34:39] [DBG] Starting loop iteration.
[20:34:39] [DBG] Aimbot enabled state: true
[20:34:39] [DBG] Starting loop iteration.
[20:34:39] [DBG] Aimbot enabled state: true
[20:34:39] [DBG] Starting loop iteration.
[20:34:39] [DBG] Aimbot enabled state: true
[20:34:39] [DBG] Starting loop iteration.
[20:34:39] [DBG] Aimbot enabled state: true
[20:34:39] [DBG] Starting loop iteration.
[20:34:39] [DBG] Aimbot enabled state: true
[20:34:39] [DBG] Starting loop iteration.
[20:34:39] [DBG] Aimbot enabled state: true
[20:34:39] [DBG] Starting loop iteration.
[20:34:39] [DBG] Aimbot enabled state: true
[20:34:39] [DBG] Starting loop iteration.
[20:34:39] [DBG] Aimbot enabled state: true
[20:34:39] [DBG] Starting loop iteration.
[20:34:39] [DBG] Aimbot enabled state: true
[20:34:39] [DBG] Starting loop iteration.
[20:34:39] [DBG] Aimbot enabled state: true
[20:34:39] [DBG] Starting loop iteration.
[20:34:39] [DBG] Aimbot enabled state: true
[20:34:39] [DBG] Starting loop iteration.
[20:34:39] [DBG] Aimbot enabled state: true
[20:34:39] [DBG] Starting loop iteration.
[20:34:39] [DBG] Aimbot enabled state: true
[20:34:39] [DBG] Starting loop iteration.
[20:34:39] [DBG] Aimbot enabled state: true
[20:34:39] [DBG] Starting loop iteration.
[20:34:39] [DBG] Aimbot enabled state: true
[20:34:39] [DBG] Starting loop iteration.
[20:34:39] [DBG] Aimbot enabled state: true
[20:34:39] [DBG] Starting loop iteration.
[20:34:39] [DBG] Aimbot enabled state: true
[20:34:39] [DBG] Starting loop iteration.
[20:34:39] [DBG] Aimbot enabled state: true
[20:34:40] [DBG] Starting loop iteration.
[20:34:40] [DBG] Aimbot enabled state: true
[20:34:40] [DBG] Starting loop iteration.
[20:34:40] [DBG] Aimbot enabled state: true
[20:34:40] [DBG] Starting loop iteration.
[20:34:40] [DBG] Aimbot enabled state: true
[20:34:40] [DBG] Starting loop iteration.
[20:34:40] [DBG] Aimbot enabled state: true
[20:34:40] [DBG] Starting loop iteration.
[20:34:40] [DBG] Aimbot enabled state: true
[20:34:40] [DBG] Starting loop iteration.
[20:34:40] [DBG] Aimbot enabled state: true
[20:34:40] [DBG] Starting loop iteration.
[20:34:40] [DBG] Aimbot enabled state: true
[20:34:40] [DBG] Starting loop iteration.
[20:34:40] [DBG] Aimbot enabled state: true
[20:34:40] [DBG] Starting loop iteration.
[20:34:40] [DBG] Aimbot enabled state: true
[20:34:40] [DBG] Starting loop iteration.
[20:34:40] [DBG] Aimbot enabled state: true
[20:34:40] [DBG] Starting loop iteration.
[20:34:40] [DBG] Aimbot enabled state: true
[20:34:40] [DBG] Starting loop iteration.
[20:34:40] [DBG] Aimbot enabled state: true
[20:34:40] [DBG] Starting loop iteration.
[20:34:40] [DBG] Aimbot enabled state: true
[20:34:40] [DBG] Starting loop iteration.
[20:34:40] [DBG] Aimbot enabled state: true
[20:34:40] [DBG] Starting loop iteration.
[20:34:40] [DBG] Aimbot enabled state: true
[20:34:40] [DBG] Starting loop iteration.
[20:34:40] [DBG] Aimbot enabled state: true
[20:34:40] [DBG] Starting loop iteration.
[20:34:40] [DBG] Aimbot enabled state: true
[20:34:40] [DBG] Starting loop iteration.
[20:34:40] [DBG] Aimbot enabled state: true
[20:34:40] [DBG] Starting loop iteration.
[20:34:40] [DBG] Aimbot enabled state: true
[20:34:40] [DBG] Starting loop iteration.
[20:34:40] [DBG] Aimbot enabled state: true
[20:34:40] [DBG] Starting loop iteration.
[20:34:40] [DBG] Aimbot enabled state: true
[20:34:40] [DBG] Starting loop iteration.
[20:34:40] [DBG] Aimbot enabled state: true
[20:34:40] [DBG] Starting loop iteration.
[20:34:40] [DBG] Aimbot enabled state: true
[20:34:40] [DBG] Starting loop iteration.
[20:34:40] [DBG] Aimbot enabled state: true
[20:34:40] [DBG] Starting loop iteration.
[20:34:40] [DBG] Aimbot enabled state: true
[20:34:40] [DBG] Starting loop iteration.
[20:34:40] [DBG] Aimbot enabled state: true
[20:34:40] [DBG] Starting loop iteration.
[20:34:40] [DBG] Aimbot enabled state: true
[20:34:40] [DBG] Starting loop iteration.
[20:34:40] [DBG] Aimbot enabled state: true
[20:34:40] [DBG] Starting loop iteration.
[20:34:40] [DBG] Aimbot enabled state: true
[20:34:40] [DBG] Starting loop iteration.
[20:34:40] [DBG] Aimbot enabled state: true
[20:34:40] [DBG] Starting loop iteration.
[20:34:40] [DBG] Aimbot enabled state: true
[20:34:40] [DBG] Starting loop iteration.
[20:34:40] [DBG] Aimbot enabled state: true
[20:34:40] [DBG] Starting loop iteration.
[20:34:40] [DBG] Aimbot enabled state: true
[20:34:40] [DBG] Starting loop iteration.
[20:34:40] [DBG] Aimbot enabled state: true
[20:34:40] [DBG] Starting loop iteration.
[20:34:40] [DBG] Aimbot enabled state: true
[20:34:40] [DBG] Starting loop iteration.
[20:34:40] [DBG] Aimbot enabled state: true
[20:34:40] [DBG] Starting loop iteration.
[20:34:40] [DBG] Aimbot enabled state: true
[20:34:40] [DBG] Starting loop iteration.
[20:34:40] [DBG] Aimbot enabled state: true
[20:34:40] [DBG] Starting loop iteration.
[20:34:40] [DBG] Aimbot enabled state: true
[20:34:40] [DBG] Starting loop iteration.
[20:34:40] [DBG] Aimbot enabled state: true
[20:34:40] [DBG] Starting loop iteration.
[20:34:40] [DBG] Aimbot enabled state: true
[20:34:40] [DBG] Starting loop iteration.
[20:34:40] [DBG] Aimbot enabled state: true
[20:34:40] [DBG] Starting loop iteration.
[20:34:40] [DBG] Aimbot enabled state: true
[20:34:40] [DBG] Starting loop iteration.
[20:34:40] [DBG] Aimbot enabled state: true
[20:34:40] [DBG] Starting loop iteration.
[20:34:40] [DBG] Aimbot enabled state: true
[20:34:40] [DBG] Starting loop iteration.
[20:34:40] [DBG] Aimbot enabled state: true
[20:34:40] [DBG] Starting loop iteration.
[20:34:40] [DBG] Aimbot enabled state: true
[20:34:40] [DBG] Starting loop iteration.
[20:34:40] [DBG] Aimbot enabled state: true
[20:34:40] [DBG] Starting loop iteration.
[20:34:40] [DBG] Aimbot enabled state: true
[20:34:40] [DBG] Starting loop iteration.
[20:34:40] [DBG] Aimbot enabled state: true
[20:34:40] [DBG] Starting loop iteration.
[20:34:40] [DBG] Aimbot enabled state: true
[20:34:40] [DBG] Starting loop iteration.
[20:34:40] [DBG] Aimbot enabled state: true
[20:34:40] [DBG] Starting loop iteration.
[20:34:40] [DBG] Aimbot enabled state: true
[20:34:40] [DBG] Starting loop iteration.
[20:34:40] [DBG] Aimbot enabled state: true
[20:34:40] [DBG] Starting loop iteration.
[20:34:40] [DBG] Aimbot enabled state: true
[20:34:40] [DBG] Starting loop iteration.
[20:34:40] [DBG] Aimbot enabled state: true
[20:34:40] [DBG] Starting loop iteration.
[20:34:40] [DBG] Aimbot enabled state: true
[20:34:40] [DBG] Starting loop iteration.
[20:34:40] [DBG] Aimbot enabled state: true
[20:34:40] [DBG] Starting loop iteration.
[20:34:40] [DBG] Aimbot enabled state: true
[20:34:40] [DBG] Starting loop iteration.
[20:34:40] [DBG] Aimbot enabled state: true
[20:34:40] [DBG] Starting loop iteration.
[20:34:40] [DBG] Aimbot enabled state: true
[20:34:40] [DBG] Starting loop iteration.
[20:34:40] [DBG] Aimbot enabled state: true
[20:34:40] [DBG] Starting loop iteration.
[20:34:40] [DBG] Aimbot enabled state: true
[20:34:40] [DBG] Starting loop iteration.
[20:34:40] [DBG] Aimbot enabled state: true
[20:34:40] [DBG] Starting loop iteration.
[20:34:40] [DBG] Aimbot enabled state: true
[20:34:41] [DBG] Starting loop iteration.
[20:34:41] [DBG] Aimbot enabled state: true
[20:34:41] [DBG] Starting loop iteration.
[20:34:41] [DBG] Aimbot enabled state: true
[20:34:41] [DBG] Starting loop iteration.
[20:34:41] [DBG] Aimbot enabled state: true
[20:34:41] [DBG] Starting loop iteration.
[20:34:41] [DBG] Aimbot enabled state: true
[20:34:41] [DBG] Starting loop iteration.
[20:34:41] [DBG] Aimbot enabled state: true
[20:34:41] [DBG] Starting loop iteration.
[20:34:41] [DBG] Aimbot enabled state: true
[20:34:41] [DBG] Starting loop iteration.
[20:34:41] [DBG] Aimbot enabled state: true
[20:34:41] [DBG] Starting loop iteration.
[20:34:41] [DBG] Aimbot enabled state: true
[20:34:41] [DBG] Starting loop iteration.
[20:34:41] [DBG] Aimbot enabled state: true
[20:34:41] [DBG] Starting loop iteration.
[20:34:41] [DBG] Aimbot enabled state: true
[20:34:41] [DBG] Starting loop iteration.
[20:34:41] [DBG] Aimbot enabled state: true
[20:34:41] [DBG] Starting loop iteration.
[20:34:41] [DBG] Aimbot enabled state: true
[20:34:41] [DBG] Starting loop iteration.
[20:34:41] [DBG] Aimbot enabled state: true
[20:34:41] [DBG] Starting loop iteration.
[20:34:41] [DBG] Aimbot enabled state: true
[20:34:41] [DBG] Starting loop iteration.
[20:34:41] [DBG] Aimbot enabled state: true
[20:34:41] [DBG] Starting loop iteration.
[20:34:41] [DBG] Aimbot enabled state: true
[20:34:41] [DBG] Starting loop iteration.
[20:34:41] [DBG] Aimbot enabled state: true
[20:34:41] [DBG] Starting loop iteration.
[20:34:41] [DBG] Aimbot enabled state: true
[20:34:41] [DBG] Starting loop iteration.
[20:34:41] [DBG] Aimbot enabled state: true
[20:34:41] [DBG] Starting loop iteration.
[20:34:41] [DBG] Aimbot enabled state: true
[20:34:41] [DBG] Starting loop iteration.
[20:34:41] [DBG] Aimbot enabled state: true
[20:34:41] [DBG] Starting loop iteration.
[20:34:41] [DBG] Aimbot enabled state: true
[20:34:41] [DBG] Starting loop iteration.
[20:34:41] [DBG] Aimbot enabled state: true
[20:34:41] [DBG] Starting loop iteration.
[20:34:41] [DBG] Aimbot enabled state: true
[20:34:41] [DBG] Starting loop iteration.
[20:34:41] [DBG] Aimbot enabled state: true
[20:34:41] [DBG] Starting loop iteration.
[20:34:41] [DBG] Aimbot enabled state: true
[20:34:41] [DBG] Starting loop iteration.
[20:34:41] [DBG] Aimbot enabled state: true
[20:34:41] [DBG] Starting loop iteration.
[20:34:41] [DBG] Aimbot enabled state: true
[20:34:41] [DBG] Starting loop iteration.
[20:34:41] [DBG] Aimbot enabled state: true
[20:34:41] [DBG] Starting loop iteration.
[20:34:41] [DBG] Aimbot enabled state: true
[20:34:41] [DBG] Starting loop iteration.
[20:34:41] [DBG] Aimbot enabled state: true
[20:34:41] [DBG] Starting loop iteration.
[20:34:41] [DBG] Aimbot enabled state: true
[20:34:41] [DBG] Starting loop iteration.
[20:34:41] [DBG] Aimbot enabled state: true
[20:34:41] [DBG] Starting loop iteration.
[20:34:41] [DBG] Aimbot enabled state: true
[20:34:41] [DBG] Starting loop iteration.
[20:34:41] [DBG] Aimbot enabled state: true
[20:34:41] [DBG] Starting loop iteration.
[20:34:41] [DBG] Aimbot enabled state: true
[20:34:41] [DBG] Starting loop iteration.
[20:34:41] [DBG] Aimbot enabled state: true
[20:34:41] [DBG] Starting loop iteration.
[20:34:41] [DBG] Aimbot enabled state: true
[20:34:41] [DBG] Starting loop iteration.
[20:34:41] [DBG] Aimbot enabled state: true
[20:34:41] [DBG] Starting loop iteration.
[20:34:41] [DBG] Aimbot enabled state: true
[20:34:41] [DBG] Starting loop iteration.
[20:34:41] [DBG] Aimbot enabled state: true
[20:34:41] [DBG] Starting loop iteration.
[20:34:41] [DBG] Aimbot enabled state: true
[20:34:41] [DBG] Starting loop iteration.
[20:34:41] [DBG] Aimbot enabled state: true
[20:34:41] [DBG] Starting loop iteration.
[20:34:41] [DBG] Aimbot enabled state: true
[20:34:41] [DBG] Starting loop iteration.
[20:34:41] [DBG] Aimbot enabled state: true
[20:34:41] [DBG] Starting loop iteration.
[20:34:41] [DBG] Aimbot enabled state: true
[20:34:41] [DBG] Starting loop iteration.
[20:34:41] [DBG] Aimbot enabled state: true
[20:34:41] [DBG] Starting loop iteration.
[20:34:41] [DBG] Aimbot enabled state: true
[20:34:41] [DBG] Starting loop iteration.
[20:34:41] [DBG] Aimbot enabled state: true
[20:34:41] [DBG] Starting loop iteration.
[20:34:41] [DBG] Aimbot enabled state: true
[20:34:41] [DBG] Starting loop iteration.
[20:34:41] [DBG] Aimbot enabled state: true
[20:34:41] [DBG] Starting loop iteration.
[20:34:41] [DBG] Aimbot enabled state: true
[20:34:41] [DBG] Starting loop iteration.
[20:34:41] [DBG] Aimbot enabled state: true
[20:34:41] [DBG] Starting loop iteration.
[20:34:41] [DBG] Aimbot enabled state: true
[20:34:41] [DBG] Starting loop iteration.
[20:34:41] [DBG] Aimbot enabled state: true
[20:34:41] [DBG] Starting loop iteration.
[20:34:41] [DBG] Aimbot enabled state: true
[20:34:41] [DBG] Starting loop iteration.
[20:34:41] [DBG] Aimbot enabled state: true
[20:34:41] [DBG] Starting loop iteration.
[20:34:41] [DBG] Aimbot enabled state: true
[20:34:41] [DBG] Starting loop iteration.
[20:34:41] [DBG] Aimbot enabled state: true
[20:34:41] [DBG] Starting loop iteration.
[20:34:41] [DBG] Aimbot enabled state: true
[20:34:41] [DBG] Starting loop iteration.
[20:34:41] [DBG] Aimbot enabled state: true
[20:34:41] [DBG] Starting loop iteration.
[20:34:41] [DBG] Aimbot enabled state: true
[20:34:41] [DBG] Starting loop iteration.
[20:34:41] [DBG] Aimbot enabled state: true
[20:34:41] [DBG] Starting loop iteration.
[20:34:41] [DBG] Aimbot enabled state: true
[20:34:41] [DBG] Starting loop iteration.
[20:34:41] [DBG] Aimbot enabled state: true
[20:34:42] [DBG] Starting loop iteration.
[20:34:42] [DBG] Aimbot enabled state: true
[20:34:42] [DBG] Starting loop iteration.
[20:34:42] [DBG] Aimbot enabled state: true
[20:34:42] [DBG] Starting loop iteration.
[20:34:42] [DBG] Aimbot enabled state: true
[20:34:42] [DBG] Starting loop iteration.
[20:34:42] [DBG] Aimbot enabled state: true
[20:34:42] [DBG] Starting loop iteration.
[20:34:42] [DBG] Aimbot enabled state: true
[20:34:42] [DBG] Starting loop iteration.
[20:34:42] [DBG] Aimbot enabled state: true
[20:34:42] [DBG] Starting loop iteration.
[20:34:42] [DBG] Aimbot enabled state: true
[20:34:42] [DBG] Starting loop iteration.
[20:34:42] [DBG] Aimbot enabled state: true
[20:34:42] [DBG] Starting loop iteration.
[20:34:42] [DBG] Aimbot enabled state: true
[20:34:42] [DBG] Starting loop iteration.
[20:34:42] [DBG] Aimbot enabled state: true
[20:34:42] [DBG] Starting loop iteration.
[20:34:42] [DBG] Aimbot enabled state: true
[20:34:42] [DBG] Starting loop iteration.
[20:34:42] [DBG] Aimbot enabled state: true
[20:34:42] [DBG] Starting loop iteration.
[20:34:42] [DBG] Aimbot enabled state: true
[20:34:42] [DBG] Starting loop iteration.
[20:34:42] [DBG] Aimbot enabled state: true
[20:34:42] [DBG] Starting loop iteration.
[20:34:42] [DBG] Aimbot enabled state: true
[20:34:42] [DBG] Starting loop iteration.
[20:34:42] [DBG] Aimbot enabled state: true
[20:34:42] [DBG] Starting loop iteration.
[20:34:42] [DBG] Aimbot enabled state: true
[20:34:42] [DBG] Starting loop iteration.
[20:34:42] [DBG] Aimbot enabled state: true
[20:34:42] [DBG] Starting loop iteration.
[20:34:42] [DBG] Aimbot enabled state: true
[20:34:42] [DBG] Starting loop iteration.
[20:34:42] [DBG] Aimbot enabled state: true
[20:34:42] [DBG] Starting loop iteration.
[20:34:42] [DBG] Aimbot enabled state: true
[20:34:42] [DBG] Starting loop iteration.
[20:34:42] [DBG] Aimbot enabled state: true
[20:34:42] [DBG] Starting loop iteration.
[20:34:42] [DBG] Aimbot enabled state: true
[20:34:42] [DBG] Starting loop iteration.
[20:34:42] [DBG] Aimbot enabled state: true
[20:34:42] [DBG] Starting loop iteration.
[20:34:42] [DBG] Aimbot enabled state: true
[20:34:42] [DBG] Starting loop iteration.
[20:34:42] [DBG] Aimbot enabled state: true
[20:34:42] [DBG] Starting loop iteration.
[20:34:42] [DBG] Aimbot enabled state: true
[20:34:42] [DBG] Starting loop iteration.
[20:34:42] [DBG] Aimbot enabled state: true
[20:34:42] [DBG] Starting loop iteration.
[20:34:42] [DBG] Aimbot enabled state: true
[20:34:42] [DBG] Starting loop iteration.
[20:34:42] [DBG] Aimbot enabled state: true
[20:34:42] [DBG] Starting loop iteration.
[20:34:42] [DBG] Aimbot enabled state: true
[20:34:42] [DBG] Starting loop iteration.
[20:34:42] [DBG] Aimbot enabled state: true
[20:34:42] [DBG] Starting loop iteration.
[20:34:42] [DBG] Aimbot enabled state: true
[20:34:42] [DBG] Starting loop iteration.
[20:34:42] [DBG] Aimbot enabled state: true
[20:34:42] [DBG] Starting loop iteration.
[20:34:42] [DBG] Aimbot enabled state: true
[20:34:42] [DBG] Starting loop iteration.
[20:34:42] [DBG] Aimbot enabled state: true
[20:34:42] [DBG] Starting loop iteration.
[20:34:42] [DBG] Aimbot enabled state: true
[20:34:42] [DBG] Starting loop iteration.
[20:34:42] [DBG] Aimbot enabled state: true
[20:34:42] [DBG] Starting loop iteration.
[20:34:42] [DBG] Aimbot enabled state: true
[20:34:42] [DBG] Starting loop iteration.
[20:34:42] [DBG] Aimbot enabled state: true
[20:34:42] [DBG] Starting loop iteration.
[20:34:42] [DBG] Aimbot enabled state: true
[20:34:42] [DBG] Starting loop iteration.
[20:34:42] [DBG] Aimbot enabled state: true
[20:34:42] [DBG] Starting loop iteration.
[20:34:42] [DBG] Aimbot enabled state: true
[20:34:42] [DBG] Starting loop iteration.
[20:34:42] [DBG] Aimbot enabled state: true
[20:34:42] [DBG] Starting loop iteration.
[20:34:42] [DBG] Aimbot enabled state: true
[20:34:42] [DBG] Starting loop iteration.
[20:34:42] [DBG] Aimbot enabled state: true
[20:34:42] [DBG] Starting loop iteration.
[20:34:42] [DBG] Aimbot enabled state: true
[20:34:42] [DBG] Starting loop iteration.
[20:34:42] [DBG] Aimbot enabled state: true
[20:34:42] [DBG] Starting loop iteration.
[20:34:42] [DBG] Aimbot enabled state: true
[20:34:42] [DBG] Starting loop iteration.
[20:34:42] [DBG] Aimbot enabled state: true
[20:34:42] [DBG] Starting loop iteration.
[20:34:42] [DBG] Aimbot enabled state: true
[20:34:42] [DBG] Starting loop iteration.
[20:34:42] [DBG] Aimbot enabled state: true
[20:34:42] [DBG] Starting loop iteration.
[20:34:42] [DBG] Aimbot enabled state: true
[20:34:42] [DBG] Starting loop iteration.
[20:34:42] [DBG] Aimbot enabled state: true
[20:34:42] [DBG] Starting loop iteration.
[20:34:42] [DBG] Aimbot enabled state: true
[20:34:42] [DBG] Starting loop iteration.
[20:34:42] [DBG] Aimbot enabled state: true
[20:34:42] [DBG] Starting loop iteration.
[20:34:42] [DBG] Aimbot enabled state: true
[20:34:42] [DBG] Starting loop iteration.
[20:34:42] [DBG] Aimbot enabled state: true
[20:34:42] [DBG] Starting loop iteration.
[20:34:42] [DBG] Aimbot enabled state: true
[20:34:42] [DBG] Starting loop iteration.
[20:34:42] [DBG] Aimbot enabled state: true
[20:34:42] [DBG] Starting loop iteration.
[20:34:42] [DBG] Aimbot enabled state: true
[20:34:42] [DBG] Starting loop iteration.
[20:34:42] [DBG] Aimbot enabled state: true
[20:34:42] [DBG] Starting loop iteration.
[20:34:42] [DBG] Aimbot enabled state: true
[20:34:42] [DBG] Starting loop iteration.
[20:34:42] [DBG] Aimbot enabled state: true
[20:34:42] [DBG] Starting loop iteration.
[20:34:42] [DBG] Aimbot enabled state: true
[20:34:43] [DBG] Starting loop iteration.
[20:34:43] [DBG] Aimbot enabled state: true
[20:34:43] [DBG] Starting loop iteration.
[20:34:43] [DBG] Aimbot enabled state: true
[20:34:43] [DBG] Starting loop iteration.
[20:34:43] [DBG] Aimbot enabled state: true
[20:34:43] [DBG] Starting loop iteration.
[20:34:43] [DBG] Aimbot enabled state: true
[20:34:43] [DBG] Starting loop iteration.
[20:34:43] [DBG] Aimbot enabled state: true
[20:34:43] [DBG] Starting loop iteration.
[20:34:43] [DBG] Aimbot enabled state: true
[20:34:43] [DBG] Starting loop iteration.
[20:34:43] [DBG] Aimbot enabled state: true
[20:34:43] [DBG] Starting loop iteration.
[20:34:43] [DBG] Aimbot enabled state: true
[20:34:43] [DBG] Starting loop iteration.
[20:34:43] [DBG] Aimbot enabled state: true
[20:34:43] [DBG] Starting loop iteration.
[20:34:43] [DBG] Aimbot enabled state: true
[20:34:43] [DBG] Starting loop iteration.
[20:34:43] [DBG] Aimbot enabled state: true
[20:34:43] [DBG] Starting loop iteration.
[20:34:43] [DBG] Aimbot enabled state: true
[20:34:43] [DBG] Starting loop iteration.
[20:34:43] [DBG] Aimbot enabled state: true
[20:34:43] [DBG] Starting loop iteration.
[20:34:43] [DBG] Aimbot enabled state: true
[20:34:43] [DBG] Starting loop iteration.
[20:34:43] [DBG] Aimbot enabled state: true
[20:34:43] [DBG] Starting loop iteration.
[20:34:43] [DBG] Aimbot enabled state: true
[20:34:43] [DBG] Starting loop iteration.
[20:34:43] [DBG] Aimbot enabled state: true
[20:34:43] [DBG] Starting loop iteration.
[20:34:43] [DBG] Aimbot enabled state: true
[20:34:43] [DBG] Starting loop iteration.
[20:34:43] [DBG] Aimbot enabled state: true
[20:34:43] [DBG] Starting loop iteration.
[20:34:43] [DBG] Aimbot enabled state: true
[20:34:43] [DBG] Starting loop iteration.
[20:34:43] [DBG] Aimbot enabled state: true
[20:34:43] [DBG] Starting loop iteration.
[20:34:43] [DBG] Aimbot enabled state: true
[20:34:43] [DBG] Starting loop iteration.
[20:34:43] [DBG] Aimbot enabled state: true
[20:34:43] [DBG] Starting loop iteration.
[20:34:43] [DBG] Aimbot enabled state: true
[20:34:43] [DBG] Starting loop iteration.
[20:34:43] [DBG] Aimbot enabled state: true
[20:34:43] [DBG] Starting loop iteration.
[20:34:43] [DBG] Aimbot enabled state: true
[20:34:43] [DBG] Starting loop iteration.
[20:34:43] [DBG] Aimbot enabled state: true
[20:34:43] [DBG] Starting loop iteration.
[20:34:43] [DBG] Aimbot enabled state: true
[20:34:43] [DBG] Starting loop iteration.
[20:34:43] [DBG] Aimbot enabled state: true
[20:34:43] [DBG] Starting loop iteration.
[20:34:43] [DBG] Aimbot enabled state: true
[20:34:43] [DBG] Starting loop iteration.
[20:34:43] [DBG] Aimbot enabled state: true
[20:34:43] [DBG] Starting loop iteration.
[20:34:43] [DBG] Aimbot enabled state: true
[20:34:43] [DBG] Starting loop iteration.
[20:34:43] [DBG] Aimbot enabled state: true
[20:34:43] [DBG] Starting loop iteration.
[20:34:43] [DBG] Aimbot enabled state: true
[20:34:43] [DBG] Starting loop iteration.
[20:34:43] [DBG] Aimbot enabled state: true
[20:34:43] [DBG] Starting loop iteration.
[20:34:43] [DBG] Aimbot enabled state: true
[20:34:43] [DBG] Starting loop iteration.
[20:34:43] [DBG] Aimbot enabled state: true
[20:34:43] [DBG] Starting loop iteration.
[20:34:43] [DBG] Aimbot enabled state: true
[20:34:43] [DBG] Starting loop iteration.
[20:34:43] [DBG] Aimbot enabled state: true
[20:34:43] [DBG] Starting loop iteration.
[20:34:43] [DBG] Aimbot enabled state: true
[20:34:43] [DBG] Starting loop iteration.
[20:34:43] [DBG] Aimbot enabled state: true
[20:34:43] [DBG] Starting loop iteration.
[20:34:43] [DBG] Aimbot enabled state: true
[20:34:43] [DBG] Starting loop iteration.
[20:34:43] [DBG] Aimbot enabled state: true
[20:34:43] [DBG] Starting loop iteration.
[20:34:43] [DBG] Aimbot enabled state: true
[20:34:43] [DBG] Starting loop iteration.
[20:34:43] [DBG] Aimbot enabled state: true
[20:34:43] [DBG] Starting loop iteration.
[20:34:43] [DBG] Aimbot enabled state: true
[20:34:43] [DBG] Starting loop iteration.
[20:34:43] [DBG] Aimbot enabled state: true
[20:34:43] [DBG] Starting loop iteration.
[20:34:43] [DBG] Aimbot enabled state: true
[20:34:43] [DBG] Starting loop iteration.
[20:34:43] [DBG] Aimbot enabled state: true
[20:34:43] [DBG] Starting loop iteration.
[20:34:43] [DBG] Aimbot enabled state: true
[20:34:43] [DBG] Starting loop iteration.
[20:34:43] [DBG] Aimbot enabled state: true
[20:34:43] [DBG] Starting loop iteration.
[20:34:43] [DBG] Aimbot enabled state: true
[20:34:43] [DBG] Starting loop iteration.
[20:34:43] [DBG] Aimbot enabled state: true
[20:34:43] [DBG] Starting loop iteration.
[20:34:43] [DBG] Aimbot enabled state: true
[20:34:43] [DBG] Starting loop iteration.
[20:34:43] [DBG] Aimbot enabled state: true
[20:34:43] [DBG] Starting loop iteration.
[20:34:43] [DBG] Aimbot enabled state: true
[20:34:43] [DBG] Starting loop iteration.
[20:34:43] [DBG] Aimbot enabled state: true
[20:34:43] [DBG] Starting loop iteration.
[20:34:43] [DBG] Aimbot enabled state: true
[20:34:43] [DBG] Starting loop iteration.
[20:34:43] [DBG] Aimbot enabled state: true
[20:34:43] [DBG] Starting loop iteration.
[20:34:43] [DBG] Aimbot enabled state: true
[20:34:43] [DBG] Starting loop iteration.
[20:34:43] [DBG] Aimbot enabled state: true
[20:34:43] [DBG] Starting loop iteration.
[20:34:43] [DBG] Aimbot enabled state: true
[20:34:43] [DBG] Starting loop iteration.
[20:34:43] [DBG] Aimbot enabled state: true
[20:34:43] [DBG] Starting loop iteration.
[20:34:43] [DBG] Aimbot enabled state: true
[20:34:44] [DBG] Starting loop iteration.
[20:34:44] [DBG] Aimbot enabled state: true
[20:34:44] [DBG] Starting loop iteration.
[20:34:44] [DBG] Aimbot enabled state: true
[20:34:44] [DBG] Starting loop iteration.
[20:34:44] [DBG] Aimbot enabled state: true
[20:34:44] [DBG] Starting loop iteration.
[20:34:44] [DBG] Aimbot enabled state: true
[20:34:44] [DBG] Starting loop iteration.
[20:34:44] [DBG] Aimbot enabled state: true
[20:34:44] [DBG] Starting loop iteration.
[20:34:44] [DBG] Aimbot enabled state: true
[20:34:44] [DBG] Starting loop iteration.
[20:34:44] [DBG] Aimbot enabled state: true
[20:34:44] [DBG] Starting loop iteration.
[20:34:44] [DBG] Aimbot enabled state: true
[20:34:44] [DBG] Starting loop iteration.
[20:34:44] [DBG] Aimbot enabled state: true
[20:34:44] [DBG] Starting loop iteration.
[20:34:44] [DBG] Aimbot enabled state: true
[20:34:44] [DBG] Starting loop iteration.
[20:34:44] [DBG] Aimbot enabled state: true
[20:34:44] [DBG] Starting loop iteration.
[20:34:44] [DBG] Aimbot enabled state: true
[20:34:44] [DBG] Starting loop iteration.
[20:34:44] [DBG] Aimbot enabled state: true
[20:34:44] [DBG] Starting loop iteration.
[20:34:44] [DBG] Aimbot enabled state: true
[20:34:44] [DBG] Starting loop iteration.
[20:34:44] [DBG] Aimbot enabled state: true
[20:34:44] [DBG] Starting loop iteration.
[20:34:44] [DBG] Aimbot enabled state: true
[20:34:44] [DBG] Starting loop iteration.
[20:34:44] [DBG] Aimbot enabled state: true
[20:34:44] [DBG] Starting loop iteration.
[20:34:44] [DBG] Aimbot enabled state: true
[20:34:44] [DBG] Starting loop iteration.
[20:34:44] [DBG] Aimbot enabled state: true
[20:34:44] [DBG] Starting loop iteration.
[20:34:44] [DBG] Aimbot enabled state: true
[20:34:44] [DBG] Starting loop iteration.
[20:34:44] [DBG] Aimbot enabled state: true
[20:34:44] [DBG] Starting loop iteration.
[20:34:44] [DBG] Aimbot enabled state: true
[20:34:44] [DBG] Starting loop iteration.
[20:34:44] [DBG] Aimbot enabled state: true
[20:34:44] [DBG] Starting loop iteration.
[20:34:44] [DBG] Aimbot enabled state: true
[20:34:44] [DBG] Starting loop iteration.
[20:34:44] [DBG] Aimbot enabled state: true
[20:34:44] [DBG] Starting loop iteration.
[20:34:44] [DBG] Aimbot enabled state: true
[20:34:44] [DBG] Starting loop iteration.
[20:34:44] [DBG] Aimbot enabled state: true
[20:34:44] [DBG] Starting loop iteration.
[20:34:44] [DBG] Aimbot enabled state: true
[20:34:44] [DBG] Starting loop iteration.
[20:34:44] [DBG] Aimbot enabled state: true
[20:34:44] [DBG] Starting loop iteration.
[20:34:44] [DBG] Aimbot enabled state: true
[20:34:44] [DBG] Starting loop iteration.
[20:34:44] [DBG] Aimbot enabled state: true
[20:34:44] [DBG] Starting loop iteration.
[20:34:44] [DBG] Aimbot enabled state: true
[20:34:44] [DBG] Starting loop iteration.
[20:34:44] [DBG] Aimbot enabled state: true
[20:34:44] [DBG] Starting loop iteration.
[20:34:44] [DBG] Aimbot enabled state: true
[20:34:44] [DBG] Starting loop iteration.
[20:34:44] [DBG] Aimbot enabled state: true
[20:34:44] [DBG] Starting loop iteration.
[20:34:44] [DBG] Aimbot enabled state: true
[20:34:44] [DBG] Starting loop iteration.
[20:34:44] [DBG] Aimbot enabled state: true
[20:34:44] [DBG] Starting loop iteration.
[20:34:44] [DBG] Aimbot enabled state: true
[20:34:44] [DBG] Starting loop iteration.
[20:34:44] [DBG] Aimbot enabled state: true
[20:34:44] [DBG] Starting loop iteration.
[20:34:44] [DBG] Aimbot enabled state: true
[20:34:44] [DBG] Starting loop iteration.
[20:34:44] [DBG] Aimbot enabled state: true
[20:34:44] [DBG] Starting loop iteration.
[20:34:44] [DBG] Aimbot enabled state: true
[20:34:44] [DBG] Starting loop iteration.
[20:34:44] [DBG] Aimbot enabled state: true
[20:34:44] [DBG] Starting loop iteration.
[20:34:44] [DBG] Aimbot enabled state: true
[20:34:44] [DBG] Starting loop iteration.
[20:34:44] [DBG] Aimbot enabled state: true
[20:34:44] [DBG] Starting loop iteration.
[20:34:44] [DBG] Aimbot enabled state: true
[20:34:44] [DBG] Starting loop iteration.
[20:34:44] [DBG] Aimbot enabled state: true
[20:34:44] [DBG] Starting loop iteration.
[20:34:44] [DBG] Aimbot enabled state: true
[20:34:44] [DBG] Starting loop iteration.
[20:34:44] [DBG] Aimbot enabled state: true
[20:34:44] [DBG] Starting loop iteration.
[20:34:44] [DBG] Aimbot enabled state: true
[20:34:44] [DBG] Starting loop iteration.
[20:34:44] [DBG] Aimbot enabled state: true
[20:34:44] [DBG] Starting loop iteration.
[20:34:44] [DBG] Aimbot enabled state: true
[20:34:44] [DBG] Starting loop iteration.
[20:34:44] [DBG] Aimbot enabled state: true
[20:34:44] [DBG] Starting loop iteration.
[20:34:44] [DBG] Aimbot enabled state: true
[20:34:44] [DBG] Starting loop iteration.
[20:34:44] [DBG] Aimbot enabled state: true
[20:34:44] [DBG] Starting loop iteration.
[20:34:44] [DBG] Aimbot enabled state: true
[20:34:44] [DBG] Starting loop iteration.
[20:34:44] [DBG] Aimbot enabled state: true
[20:34:44] [DBG] Starting loop iteration.
[20:34:44] [DBG] Aimbot enabled state: true
[20:34:44] [DBG] Starting loop iteration.
[20:34:44] [DBG] Aimbot enabled state: true
[20:34:44] [DBG] Starting loop iteration.
[20:34:44] [DBG] Aimbot enabled state: true
[20:34:44] [DBG] Starting loop iteration.
[20:34:44] [DBG] Aimbot enabled state: true
[20:34:44] [DBG] Starting loop iteration.
[20:34:44] [DBG] Aimbot enabled state: true
[20:34:44] [DBG] Starting loop iteration.
[20:34:44] [DBG] Aimbot enabled state: true
[20:34:44] [DBG] Starting loop iteration.
[20:34:44] [DBG] Aimbot enabled state: true
[20:34:44] [DBG] Starting loop iteration.
[20:34:44] [DBG] Aimbot enabled state: true
[20:34:45] [DBG] Starting loop iteration.
[20:34:45] [DBG] Aimbot enabled state: true
[20:34:45] [DBG] Starting loop iteration.
[20:34:45] [DBG] Aimbot enabled state: true
[20:34:45] [DBG] Starting loop iteration.
[20:34:45] [DBG] Aimbot enabled state: true
[20:34:45] [DBG] Starting loop iteration.
[20:34:45] [DBG] Aimbot enabled state: true
[20:34:45] [DBG] Starting loop iteration.
[20:34:45] [DBG] Aimbot enabled state: true
[20:34:45] [DBG] Starting loop iteration.
[20:34:45] [DBG] Aimbot enabled state: true
[20:34:45] [DBG] Starting loop iteration.
[20:34:45] [DBG] Aimbot enabled state: true
[20:34:45] [DBG] Starting loop iteration.
[20:34:45] [DBG] Aimbot enabled state: true
[20:34:45] [DBG] Starting loop iteration.
[20:34:45] [DBG] Aimbot enabled state: true
[20:34:45] [DBG] Starting loop iteration.
[20:34:45] [DBG] Aimbot enabled state: true
[20:34:45] [DBG] Starting loop iteration.
[20:34:45] [DBG] Aimbot enabled state: true
[20:34:45] [DBG] Starting loop iteration.
[20:34:45] [DBG] Aimbot enabled state: true
[20:34:45] [DBG] Starting loop iteration.
[20:34:45] [DBG] Aimbot enabled state: true
[20:34:45] [DBG] Starting loop iteration.
[20:34:45] [DBG] Aimbot enabled state: true
[20:34:45] [DBG] Starting loop iteration.
[20:34:45] [DBG] Aimbot enabled state: true
[20:34:45] [DBG] Starting loop iteration.
[20:34:45] [DBG] Aimbot enabled state: true
[20:34:45] [DBG] Starting loop iteration.
[20:34:45] [DBG] Aimbot enabled state: true
[20:34:45] [DBG] Starting loop iteration.
[20:34:45] [DBG] Aimbot enabled state: true
[20:34:45] [DBG] Starting loop iteration.
[20:34:45] [DBG] Aimbot enabled state: true
[20:34:45] [DBG] Starting loop iteration.
[20:34:45] [DBG] Aimbot enabled state: true
[20:34:45] [DBG] Starting loop iteration.
[20:34:45] [DBG] Aimbot enabled state: true
[20:34:45] [DBG] Starting loop iteration.
[20:34:45] [DBG] Aimbot enabled state: true
[20:34:45] [DBG] Starting loop iteration.
[20:34:45] [DBG] Aimbot enabled state: true
[20:34:45] [DBG] Starting loop iteration.
[20:34:45] [DBG] Aimbot enabled state: true
[20:34:45] [DBG] Starting loop iteration.
[20:34:45] [DBG] Aimbot enabled state: true
[20:34:45] [DBG] Starting loop iteration.
[20:34:45] [DBG] Aimbot enabled state: true
[20:34:45] [DBG] Starting loop iteration.
[20:34:45] [DBG] Aimbot enabled state: true
[20:34:45] [DBG] Starting loop iteration.
[20:34:45] [DBG] Aimbot enabled state: true
[20:34:45] [DBG] Starting loop iteration.
[20:34:45] [DBG] Aimbot enabled state: true
[20:34:45] [DBG] Starting loop iteration.
[20:34:45] [DBG] Aimbot enabled state: true
[20:34:45] [DBG] Starting loop iteration.
[20:34:45] [DBG] Aimbot enabled state: true
[20:34:45] [DBG] Starting loop iteration.
[20:34:45] [DBG] Aimbot enabled state: true
[20:34:45] [DBG] Starting loop iteration.
[20:34:45] [DBG] Aimbot enabled state: true
[20:34:45] [DBG] Starting loop iteration.
[20:34:45] [DBG] Aimbot enabled state: true
[20:34:45] [DBG] Starting loop iteration.
[20:34:45] [DBG] Aimbot enabled state: true
[20:34:45] [DBG] Starting loop iteration.
[20:34:45] [DBG] Aimbot enabled state: true
[20:34:45] [DBG] Starting loop iteration.
[20:34:45] [DBG] Aimbot enabled state: true
[20:34:45] [DBG] Starting loop iteration.
[20:34:45] [DBG] Aimbot enabled state: true
[20:34:45] [DBG] Starting loop iteration.
[20:34:45] [DBG] Aimbot enabled state: true
[20:34:45] [DBG] Starting loop iteration.
[20:34:45] [DBG] Aimbot enabled state: true
[20:34:45] [DBG] Starting loop iteration.
[20:34:45] [DBG] Aimbot enabled state: true
[20:34:45] [DBG] Starting loop iteration.
[20:34:45] [DBG] Aimbot enabled state: true
[20:34:45] [DBG] Starting loop iteration.
[20:34:45] [DBG] Aimbot enabled state: true
[20:34:45] [DBG] Starting loop iteration.
[20:34:45] [DBG] Aimbot enabled state: true
[20:34:45] [DBG] Starting loop iteration.
[20:34:45] [DBG] Aimbot enabled state: true
[20:34:45] [DBG] Starting loop iteration.
[20:34:45] [DBG] Aimbot enabled state: true
[20:34:45] [DBG] Starting loop iteration.
[20:34:45] [DBG] Aimbot enabled state: true
[20:34:45] [DBG] Starting loop iteration.
[20:34:45] [DBG] Aimbot enabled state: true
[20:34:45] [DBG] Starting loop iteration.
[20:34:45] [DBG] Aimbot enabled state: true
[20:34:45] [DBG] Starting loop iteration.
[20:34:45] [DBG] Aimbot enabled state: true
[20:34:45] [DBG] Starting loop iteration.
[20:34:45] [DBG] Aimbot enabled state: true
[20:34:45] [DBG] Starting loop iteration.
[20:34:45] [DBG] Aimbot enabled state: true
[20:34:45] [DBG] Starting loop iteration.
[20:34:45] [DBG] Aimbot enabled state: true
[20:34:45] [DBG] Starting loop iteration.
[20:34:45] [DBG] Aimbot enabled state: true
[20:34:45] [DBG] Starting loop iteration.
[20:34:45] [DBG] Aimbot enabled state: true
[20:34:45] [DBG] Starting loop iteration.
[20:34:45] [DBG] Aimbot enabled state: true
[20:34:45] [DBG] Starting loop iteration.
[20:34:45] [DBG] Aimbot enabled state: true
[20:34:45] [DBG] Starting loop iteration.
[20:34:45] [DBG] Aimbot enabled state: true
[20:34:45] [DBG] Starting loop iteration.
[20:34:45] [DBG] Aimbot enabled state: true
[20:34:45] [DBG] Starting loop iteration.
[20:34:45] [DBG] Aimbot enabled state: true
[20:34:45] [DBG] Starting loop iteration.
[20:34:45] [DBG] Aimbot enabled state: true
[20:34:45] [DBG] Starting loop iteration.
[20:34:45] [DBG] Aimbot enabled state: true
[20:34:45] [DBG] Starting loop iteration.
[20:34:45] [DBG] Aimbot enabled state: true
[20:34:45] [DBG] Starting loop iteration.
[20:34:45] [DBG] Aimbot enabled state: true
[20:34:45] [DBG] Starting loop iteration.
[20:34:45] [DBG] Aimbot enabled state: true
[20:34:46] [DBG] Starting loop iteration.
[20:34:46] [DBG] Aimbot enabled state: true
[20:34:46] [DBG] Starting loop iteration.
[20:34:46] [DBG] Aimbot enabled state: true
[20:34:46] [DBG] Starting loop iteration.
[20:34:46] [DBG] Aimbot enabled state: true
[20:34:46] [DBG] Starting loop iteration.
[20:34:46] [DBG] Aimbot enabled state: true
[20:34:46] [DBG] Starting loop iteration.
[20:34:46] [DBG] Aimbot enabled state: true
[20:34:46] [DBG] Starting loop iteration.
[20:34:46] [DBG] Aimbot enabled state: true
[20:34:46] [DBG] Starting loop iteration.
[20:34:46] [DBG] Aimbot enabled state: true
[20:34:46] [DBG] Starting loop iteration.
[20:34:46] [DBG] Aimbot enabled state: true
[20:34:46] [DBG] Starting loop iteration.
[20:34:46] [DBG] Aimbot enabled state: true
[20:34:46] [DBG] Starting loop iteration.
[20:34:46] [DBG] Aimbot enabled state: true
[20:34:46] [DBG] Starting loop iteration.
[20:34:46] [DBG] Aimbot enabled state: true
[20:34:46] [DBG] Starting loop iteration.
[20:34:46] [DBG] Aimbot enabled state: true
[20:34:46] [DBG] Starting loop iteration.
[20:34:46] [DBG] Aimbot enabled state: true
[20:34:46] [DBG] Starting loop iteration.
[20:34:46] [DBG] Aimbot enabled state: true
[20:34:46] [DBG] Starting loop iteration.
[20:34:46] [DBG] Aimbot enabled state: true
[20:34:46] [DBG] Starting loop iteration.
[20:34:46] [DBG] Aimbot enabled state: true
[20:34:46] [DBG] Starting loop iteration.
[20:34:46] [DBG] Aimbot enabled state: true
[20:34:46] [DBG] Starting loop iteration.
[20:34:46] [DBG] Aimbot enabled state: true
[20:34:46] [DBG] Starting loop iteration.
[20:34:46] [DBG] Aimbot enabled state: true
[20:34:46] [DBG] Starting loop iteration.
[20:34:46] [DBG] Aimbot enabled state: true
[20:34:46] [DBG] Starting loop iteration.
[20:34:46] [DBG] Aimbot enabled state: true
[20:34:46] [DBG] Starting loop iteration.
[20:34:46] [DBG] Aimbot enabled state: true
[20:34:46] [DBG] Starting loop iteration.
[20:34:46] [DBG] Aimbot enabled state: true
[20:34:46] [DBG] Starting loop iteration.
[20:34:46] [DBG] Aimbot enabled state: true
[20:34:46] [DBG] Starting loop iteration.
[20:34:46] [DBG] Aimbot enabled state: true
[20:34:46] [DBG] Starting loop iteration.
[20:34:46] [DBG] Aimbot enabled state: true
[20:34:46] [DBG] Starting loop iteration.
[20:34:46] [DBG] Aimbot enabled state: true
[20:34:46] [DBG] Starting loop iteration.
[20:34:46] [DBG] Aimbot enabled state: true
[20:34:46] [DBG] Starting loop iteration.
[20:34:46] [DBG] Aimbot enabled state: true
[20:34:46] [DBG] Starting loop iteration.
[20:34:46] [DBG] Aimbot enabled state: true
[20:34:46] [DBG] [Aimbot] Process not alive or game not focused. Skipping.
[20:34:46] [DBG] Starting loop iteration.
[20:34:46] [DBG] Aimbot enabled state: true
[20:34:46] [DBG] [Aimbot] Process not alive or game not focused. Skipping.
[20:34:46] [DBG] Starting loop iteration.
[20:34:46] [DBG] Aimbot enabled state: true
[20:34:46] [DBG] [Aimbot] Process not alive or game not focused. Skipping.
[20:34:46] [DBG] Starting loop iteration.
[20:34:46] [DBG] Aimbot enabled state: true
[20:34:46] [DBG] [Aimbot] Process not alive or game not focused. Skipping.
[20:34:46] [DBG] Starting loop iteration.
[20:34:46] [DBG] Aimbot enabled state: true
[20:34:46] [DBG] [Aimbot] Process not alive or game not focused. Skipping.
[20:34:47] [DBG] Starting loop iteration.
[20:34:47] [DBG] Aimbot enabled state: true
[20:34:47] [DBG] [Aimbot] Process not alive or game not focused. Skipping.
[20:34:47] [DBG] Starting loop iteration.
[20:34:47] [DBG] Aimbot enabled state: true
[20:34:47] [DBG] [Aimbot] Process not alive or game not focused. Skipping.
[20:34:47] [DBG] Starting loop iteration.
[20:34:47] [DBG] Aimbot enabled state: true
[20:34:47] [DBG] [Aimbot] Process not alive or game not focused. Skipping.
[20:34:47] [DBG] Starting loop iteration.
[20:34:47] [DBG] Aimbot enabled state: true
[20:34:47] [DBG] [Aimbot] Process not alive or game not focused. Skipping.
[20:34:47] [DBG] Starting loop iteration.
[20:34:47] [DBG] Aimbot enabled state: true
[20:34:47] [DBG] [Aimbot] Process not alive or game not focused. Skipping.
[20:34:47] [DBG] Starting loop iteration.
[20:34:47] [DBG] Aimbot enabled state: true
[20:34:47] [DBG] [Aimbot] Process not alive or game not focused. Skipping.
[20:34:47] [DBG] Starting loop iteration.
[20:34:47] [DBG] Aimbot enabled state: true
[20:34:47] [DBG] [Aimbot] Process not alive or game not focused. Skipping.
[20:34:47] [DBG] Starting loop iteration.
[20:34:47] [DBG] Aimbot enabled state: true
[20:34:47] [DBG] [Aimbot] Process not alive or game not focused. Skipping.
[20:34:47] [DBG] Starting loop iteration.
[20:34:47] [DBG] Aimbot enabled state: true
[20:34:47] [DBG] [Aimbot] Process not alive or game not focused. Skipping.
[20:34:47] [DBG] Starting loop iteration.
[20:34:47] [DBG] Aimbot enabled state: true
[20:34:47] [DBG] [Aimbot] Process not alive or game not focused. Skipping.
[20:34:48] [DBG] Starting loop iteration.
[20:34:48] [DBG] Aimbot enabled state: true
[20:34:48] [DBG] [Aimbot] Process not alive or game not focused. Skipping.
[20:34:48] [DBG] Starting loop iteration.
[20:34:48] [DBG] Aimbot enabled state: true
[20:34:48] [DBG] [Aimbot] Process not alive or game not focused. Skipping.
[20:34:48] [DBG] Starting loop iteration.
[20:34:48] [DBG] Aimbot enabled state: true
[20:34:48] [DBG] [Aimbot] Process not alive or game not focused. Skipping.
[20:34:48] [DBG] Starting loop iteration.
[20:34:48] [DBG] Aimbot enabled state: true
[20:34:48] [DBG] [Aimbot] Process not alive or game not focused. Skipping.
[20:34:48] [DBG] Starting loop iteration.
[20:34:48] [DBG] Aimbot enabled state: true
[20:34:48] [DBG] [Aimbot] Process not alive or game not focused. Skipping.
[20:34:48] [DBG] Starting loop iteration.
[20:34:48] [DBG] Aimbot enabled state: true
[20:34:48] [DBG] [Aimbot] Process not alive or game not focused. Skipping.
[20:34:48] [DBG] Starting loop iteration.
[20:34:48] [DBG] Aimbot enabled state: true
[20:34:48] [DBG] [Aimbot] Process not alive or game not focused. Skipping.
[20:34:48] [DBG] Starting loop iteration.
[20:34:48] [DBG] Aimbot enabled state: true
[20:34:48] [DBG] [Aimbot] Process not alive or game not focused. Skipping.
[20:34:48] [DBG] Starting loop iteration.
[20:34:48] [DBG] Aimbot enabled state: true
[20:34:48] [DBG] [Aimbot] Process not alive or game not focused. Skipping.
